// wp34s_asm.pl: Source file(s): .__0.3140869140625.tmp
// wp34s_pp.pl: Command line: -m  235  -cat  .__0.70782470703125.tmp  -v3  -e2so  -sd  4  -colour_mode  0
// wp34s_pp.pl: Source file(s): .__0.70782470703125.tmp
// wp34s_pp.pl: Preprocessor revision: $Rev: 2956 $ 
0001 /*    */ ****LBL'EI2'
0002 /*    */ LocR 001
0003 /*    */ x[^2]
0004 /*    */ # 001
0005 /*    */ x[<->] Y
0006 /*    */ -
0007 /*    */ STO .00
0008 /*    */ [sqrt]
0009 /*    */ # 001
0010 /*    */ AGM
0011 /*    */ x[<->] .00
0012 /*    */ # 001
0013 /*    */ XEQ'MAG'
0014 /*    */ RCL/ .00
0015 /*    */ # [pi]
0016 /*    */ [times]
0017 /*    */ # 002
0018 /*    */ /
0019 /*    */ END
// Max SKIP offset: 0
// Max BACK offset: 0
// Max BSRB offset: 0
// Max BSRF offset: 0
// Label Step
// 0 LBLs used.
0001 /*    */ ****LBL'ELC'
0002 /*    */ LocR 002
0003 /*    */ x<? Y
0004 /*    */ x[<->] Y
0005 /*    */ STO .01
0006 /*    */ /
0007 /*    */ STO .00
0008 /*    */ # 001
0009 /*    */ AGM
0010 /*    */ x[<->] .00
0011 /*    */ x[^2]
0012 /*    */ # 001
0013 /*    */ XEQ'MAG'
0014 /*    */ RCL/ .00
0015 /*    */ RCL[times] .01
0016 /*    */ # [pi]
0017 /*    */ [times]
0018 /*    */ # 002
0019 /*    */ [times]
0020 /*    */ END
// Max SKIP offset: 0
// Max BACK offset: 0
// Max BSRB offset: 0
// Max BSRF offset: 0
// Label Step
// 0 LBLs used.
0001 /*    */ ****LBL'G[->]C'
0002 /*    */ LocR 009
0003 /*    */ STOS .00
0004 /*    */ # Sa
0005 /*    */ # 001
0006 /*    */ RCL .02
0007 /*    */ SIN
0008 /*    */ STO .08
0009 /*    */ x[^2]
0010 /*    */ # Se[^2]
0011 /*    */ [times]
0012 /*    */ -
0013 /*    */ [sqrt]
0014 /*    */ /
0015 /*    */ RCL X
0016 /*    */ # 001
0017 /*    */ # Se[^2]
0018 /*    */ -
0019 /*    */ [times]
0020 /*    */ RCL+ .00
0021 /*    */ RCL[times] .08
0022 /*    */ x[<->] .02
0023 /*    */ COS
0024 /*    */ x[<->] Y
0025 /*    */ RCL+ .00
0026 /*    */ [times]
0027 /*    */ RCL X
0028 /*    */ RCL .01
0029 /*    */ COS
0030 /*    */ STO[times] Y
0031 /*    */ RCL .01
0032 /*    */ SIN
0033 /*    */ STO[times] T
0034 /*    */ [cmplx]x[<->] Z
0035 /*    */ [cmplx]x[<->] .00
0036 /*    */ STO L
0037 /*    */ RCLS .00
0038 /*    */ RTN
0039 /*    */ ****LBL'C[->]G'
0040 /*    */ LocR 009
0041 /*    */ STOS .00
0042 /*    */ [cmplx]ABS
0043 /*    */ STO .08
0044 /*    */ [cmplx]RCL .00
0045 /*    */ ANGLE
0046 /*    */ STO .01
0047 /*    */ # Sa
0048 /*    */ RCL[times] .02
0049 /*    */ # Sb
0050 /*    */ RCL[times] .08
0051 /*    */ ANGLE
0052 /*    */ COS
0053 /*    */ RCL L
0054 /*    */ SIN
0055 /*    */ x[^3]
0056 /*    */ # Sb
0057 /*    */ [times]
0058 /*    */ # Se'[^2]
0059 /*    */ [times]
0060 /*    */ RCL+ .02
0061 /*    */ x[<->] Y
0062 /*    */ x[^3]
0063 /*    */ # Sa
0064 /*    */ [times]
0065 /*    */ # Se[^2]
0066 /*    */ [times]
0067 /*    */ RCL- .08
0068 /*    */ +/-
0069 /*    */ ANGLE
0070 /*    */ STO .02
0071 /*    */ # Sa
0072 /*    */ # 001
0073 /*    */ RCL .02
0074 /*    */ SIN
0075 /*    */ x[^2]
0076 /*    */ # Se[^2]
0077 /*    */ [times]
0078 /*    */ -
0079 /*    */ [sqrt]
0080 /*    */ /
0081 /*    */ +/-
0082 /*    */ RCL .08
0083 /*    */ RCL .02
0084 /*    */ COS
0085 /*    */ /
0086 /*    */ +
0087 /*    */ x[<->] .00
0088 /*    */ STO L
0089 /*    */ RCLS .00
0090 /*    */ RTN
0091 /*    */ END
// Max SKIP offset: 0
// Max BACK offset: 0
// Max BSRB offset: 0
// Max BSRF offset: 0
// Label Step
// 0 LBLs used.
0001 /*            */ ****LBL'M-1'
0002 /*            */ SF C
0003 /*            */ SKIP 002
0004 /*            */ ****LBL'M-0'
0005 /*            */ CF C
0006 /*            */ ABS
0007 /*            */ M-ALL
0008 /*            */ STO[->]X
0009 /*            */ STO-[->]X
0010 /*            */ ISG X
0011 /*            */ BACK 003
0012 /*            */ x[<->] L
0013 /*            */ FC?C C
0014 /*            */ RTN
0015 /*            */ M-DIAG
0016 /*            */ INC[->]X
0017 /*            */ ISG X
0018 /*            */ BACK 002
0019 /*            */ BACK 007
0020 /*            */ ****LBL'ATR'
0021 /*            */ SF C
0022 /*            */ SKIP 002
0023 /*            */ ****LBL'TR'
0024 /*            */ CF C
0025 /*            */ ABS
0026 /*            */ M-DIAG
0027 /*            */ # 000
0028 /*            */ RCL[->]Y
0029 /*            */ FS? C
0030 /*            */ ABS
0031 /*            */ +
0032 /*            */ ISG Y
0033 /*            */ BACK 005
0034 /*            */ SKIP 094
0035 /*            */ ****LBL'M-'
0036 /*            */ # 001
0037 /*            */ +/-
0038 /*            */ SKIP 002
0039 /*            */ ****LBL'M+'
0040 /*            */ # 001
0041 /*            */ x[<->] Z
0042 /*            */ x[<->] Y
0043 /*            */ M+[times]
0044 /*            */ RTN
0045 /*            */ ****LBL'M-y'
0046 /*            */ ABS
0047 /*            */ M-ALL
0048 /*            */ x[<->] Y
0049 /*            */ STO[times][->]Y
0050 /*            */ ISG Y
0051 /*            */ BACK 002
0052 /*            */ [cmplx]DROP
0053 /*            */ RTN
0054 /*            */ ****LBL'FNM'
0055 /*            */ ABS
0056 /*            */ +/-
0057 /*            */ M-ALL
0058 /*            */ [SIGMA] 99
0059 /*            */ [sqrt]
0060 /*            */ RTN
0061 /*            */ **LBL 99
0062 /* __LBL_99:: */ RCL[->]X
0063 /*            */ x[^2]
0064 /*            */ RTN
0065 /*            */ ****LBL'RNM'
0066 /*            */ SF C
0067 /*            */ SKIP 002
0068 /*            */ ****LBL'CMN'
0069 /*            */ CF C
0070 /*            */ STOM B
0071 /*            */ SSIZE4
0072 /*            */ ABS
0073 /*            */ +/-
0074 /*            */ STO C
0075 /*            */ # 000
0076 /*            */ STO A
0077 /*            */ # 001
0078 /*            */ RCL Z
0079 /*            */ FS? C
0080 /*            */ M-COL
0081 /*            */ FC? C
0082 /*            */ M-ROW
0083 /*            */ STO D
0084 /*            */ [cmplx]RCL C
0085 /*            */ M.IJ
0086 /*            */ FS? C
0087 /*            */ x[<->] Y
0088 /*            */ DROP
0089 /*            */ RCL C
0090 /*            */ FS? C
0091 /*            */ M-ROW
0092 /*            */ FC? C
0093 /*            */ M-COL
0094 /*            */ [SIGMA] 98
0095 /*            */ STO[^] A
0096 /*            */ DSL D
0097 /*            */ BACK 013
0098 /*            */ RCL A
0099 /*            */ RCLM B
0100 /*            */ CF C
0101 /*            */ RTN
0102 /*            */ **LBL 98
0103 /* __LBL_98:: */ RCL[->]X
0104 /*            */ ABS
0105 /*            */ RTN
0106 /*            */ ****LBL'MFD'
0107 /*            */ ABS
0108 /*            */ M-ALL
0109 /*            */ x[<->] Y
0110 /*            */ x=?[->]Y
0111 /*            */ SKIP 002
0112 /*            */ ISG Y
0113 /*            */ BACK 003
0114 /*            */ DROP
0115 /*            */ RTN
0116 /*            */ ****LBL'M[^]'
0117 /*            */ M-ALL
0118 /*            */ RCL[->]X
0119 /*            */ RCL[^][->]Y
0120 /*            */ ISG Y
0121 /*            */ BACK 002
0122 /*            */ SKIP 006
0123 /*            */ ****LBL'M[v]'
0124 /*            */ M-ALL
0125 /*            */ RCL[->]X
0126 /*            */ RCL[v][->]Y
0127 /*            */ ISG Y
0128 /*            */ BACK 002
0129 /*            */ x[<->] Y
0130 /*            */ DROP
0131 /*            */ END
// Max SKIP offset: 094
// Max BACK offset: 013
// Max BSRB offset: 0
// Max BSRF offset: 0
// Label Step
//  98 => 103
//  99 => 62
// 2 LBLs used.
0001 /*            */ ****LBL'MAG'
0002 /*            */ LocR 007
0003 /*            */ x>? Y
0004 /*            */ x[<->] Y
0005 /*            */ STO .02
0006 /*            */ x[<->] Y
0007 /*            */ STO .01
0008 /*            */ [DELTA]%
0009 /*            */ STO .00
0010 /*            */ x=0?
0011 /*            */ GTO 01
0012 /*            */ DROP
0013 /*            */ DROP
0014 /*            */ **LBL 00
0015 /* __LBL_00:: */ RCL .03
0016 /*            */ STO .06
0017 /*            */ DROP
0018 /*            */ RCL .02
0019 /*            */ STO .05
0020 /*            */ RCL .01
0021 /*            */ STO .04
0022 /*            */ +
0023 /*            */ 2
0024 /*            */ /
0025 /*            */ STO .01
0026 /*            */ DROP
0027 /*            */ RCL .06
0028 /*            */ STO .02
0029 /*            */ STO .03
0030 /*            */ DROP
0031 /*            */ RCL .04
0032 /*            */ RCL- .06
0033 /*            */ RCL .05
0034 /*            */ RCL- .06
0035 /*            */ [times]
0036 /*            */ [sqrt]
0037 /*            */ STO+ .02
0038 /*            */ STO- .03
0039 /*            */ DROP
0040 /*            */ RCL .02
0041 /*            */ RCL .01
0042 /*            */ [DELTA]%
0043 /*            */ x[<=]0?
0044 /*            */ GTO 01
0045 /*            */ x[>=]? .00
0046 /*            */ GTO 02
0047 /*            */ STO .00
0048 /*            */ DROP
0049 /*            */ DROP
0050 /*            */ GTO 00
0051 /*            */ **LBL 01
0052 /* __LBL_01:: */ ABS
0053 /*            */ x>? .00
0054 /*            */ GTO 02
0055 /*            */ DROP
0056 /*            */ RTN
0057 /*            */ **LBL 02
0058 /* __LBL_02:: */ DROP
0059 /*            */ DROP
0060 /*            */ RCL .04
0061 /*            */ END
// Max SKIP offset: 094
// Max BACK offset: 013
// Max BSRB offset: 0
// Max BSRF offset: 0
// Label Step
//  00 => 15
//  01 => 52
//  02 => 58
// 3 LBLs used.
0001 /*            */ ****LBL'MED'
0002 /*            */ **LBL A
0003 /* __LBL_A::  */ DBLOFF
0004 /*            */ STOM D
0005 /*            */ SSIZE4
0006 /*            */ STO A
0007 /*            */ **LBL 11
0008 /* __LBL_11:: */ # 001
0009 /*            */ STO I
0010 /*            */ STO J
0011 /*            */ **LBL C
0012 /* __LBL_C::  */ CL[alpha]
0013 /*            */ [alpha]IP I
0014 /*            */ [alpha] [space]
0015 /*            */ [alpha]IP J
0016 /*            */ [alpha] [space]
0017 /*            */ FS? 00
0018 /*            */ [alpha] f
0019 /*            */ RCL J
0020 /*            */ RCL I
0021 /*            */ RCL A
0022 /*            */ M.REG
0023 /*            */ STO B
0024 /*            */ SF A
0025 /*            */ VW[alpha]+[->]B
0026 /*            */ PSE 99
0027 /*            */ KEY? K
0028 /*            */ BACK 004
0029 /*            */ CF A
0030 /*            */ **LBL?[->]K
0031 /*            */ GTO[->]K
0032 /*            */ KTP? K
0033 /*            */ # 010
0034 /*            */ x<? Y
0035 /*            */ BACK 011
0036 /*            */ RCL[->]B
0037 /*            */ PUTK K
0038 /*            */ STO[->]B
0039 /*            */ BACK 027
0040 /*            */ **LBL 24
0041 /* __LBL_24:: */ FF 00
0042 /*            */ BACK 030
0043 /*            */ **LBL 31
0044 /* __LBL_31:: */ **LBL 22
0045 /* __LBL_22:: */ RCL[->]B
0046 /*            */ STOP
0047 /*            */ BACK 009
0048 /*            */ **LBL 35
0049 /* __LBL_35:: */ RCLM D
0050 /*            */ CL[alpha]
0051 /*            */ RCL A
0052 /*            */ RTN
0053 /*            */ **LBL 51
0054 /* __LBL_51:: */ FS?C 00
0055 /*            */ SKIP 007
0056 /*            */ DEC J
0057 /*            */ # 000
0058 /*            */ x<? J
0059 /*            */ BACK 047
0060 /*            */ RCL A
0061 /*            */ nCOL
0062 /*            */ STO J
0063 /*            */ DEC I
0064 /*            */ # 000
0065 /*            */ x<? I
0066 /*            */ BACK 054
0067 /*            */ RCL A
0068 /*            */ nROW
0069 /*            */ STO I
0070 /*            */ BACK 058
0071 /*            */ **LBL 61
0072 /* __LBL_61:: */ FS?C 00
0073 /*            */ SKIP 007
0074 /*            */ INC J
0075 /*            */ RCL A
0076 /*            */ nCOL
0077 /*            */ x[>=]? J
0078 /*            */ BACK 066
0079 /*            */ # 001
0080 /*            */ STO J
0081 /*            */ INC I
0082 /*            */ # 000
0083 /*            */ RCL A
0084 /*            */ nROW
0085 /*            */ x[>=]? I
0086 /*            */ BACK 074
0087 /*            */ # 001
0088 /*            */ STO I
0089 /*            */ BACK 077
0090 /*            */ **LBL B
0091 /* __LBL_B::  */ **LBL 12
0092 /* __LBL_12:: */ RCL A
0093 /*            */ M[^-1]
0094 /*            */ CL[alpha]
0095 /*            */ [alpha] M
0096 /*            */ [alpha] [^-1]
0097 /*            */ VIEW[alpha]
0098 /*            */ PSE 05
0099 /*            */ BACK 091
0100 /*            */ **LBL D
0101 /* __LBL_D::  */ **LBL 14
0102 /* __LBL_14:: */ RCL A
0103 /*            */ DET
0104 /*            */ CL[alpha]
0105 /*            */ [alpha]'DET'
0106 /*            */ PROMPT
0107 /*            */ END
// Max SKIP offset: 094
// Max BACK offset: 091
// Max BSRB offset: 0
// Max BSRF offset: 0
// Label Step
//  11 => 8
//  12 => 92
//  14 => 102
//  22 => 45
//  24 => 41
//  31 => 44
//  35 => 49
//  51 => 54
//  61 => 72
//  A => 3
//  B => 91
//  C => 12
//  D => 101
// 13 LBLs used.
0001 /*            */ ****LBL'MIO'
0002 /*            */ SF C
0003 /*            */ M-ALL
0004 /*            */ STO I
0005 /*            */ RCL I
0006 /*            */ RCL L
0007 /*            */ M.IJ
0008 /*            */ CL[alpha]
0009 /*            */ [alpha] (
0010 /*            */ [alpha]IP X
0011 /*            */ [alpha] ,
0012 /*            */ [alpha]IP Y
0013 /*            */ [alpha] )
0014 /*            */ RCL[->]I
0015 /*            */ PROMPT
0016 /*            */ STO[->]I
0017 /*            */ ISG I
0018 /*            */ BACK 013
0019 /*            */ RCL L
0020 /*            */ FS? C
0021 /*            */ BACK 019
0022 /*            */ ****LBL'MRC'
0023 /*            */ CF C
0024 /*            */ CL[alpha]
0025 /*            */ [alpha]'R¦C'
0026 /*            */ PROMPT
0027 /*            */ x[<->] Y
0028 /*            */ RCL Z
0029 /*            */ M.REG
0030 /*            */ STO I
0031 /*            */ BACK 026
0032 /*            */ END
// Max SKIP offset: 094
// Max BACK offset: 091
// Max BSRB offset: 0
// Max BSRF offset: 0
// Label Step
// 0 LBLs used.
0001 /*            */ ****LBL'PF'
0002 /*            */ INT?
0003 /*            */ x<1?
0004 /*            */ RTN
0005 /*            */ STO K
0006 /*            */ 2
0007 /*            */ RCL Y
0008 /*            */ [sqrt]
0009 /*            */ IP
0010 /*            */ STO I
0011 /*            */ DROP
0012 /*            */ x>? I
0013 /*            */ SKIP 011
0014 /*            */ [cmplx]ENTER
0015 /*            */ RMDR
0016 /*            */ x=0?
0017 /*            */ SKIP 003
0018 /*            */ DROP
0019 /*            */ NEXTP
0020 /*            */ BACK 008
0021 /*            */ DROP
0022 /*            */ STOP
0023 /*            */ STO/ Y
0024 /*            */ BACK 017
0025 /*            */ DROP
0026 /*            */ STOP
0027 /*            */ CLSTK
0028 /*            */ x[<->] K
0029 /*            */ [times]
0030 /*            */ END
// Max SKIP offset: 094
// Max BACK offset: 091
// Max BSRB offset: 0
// Max BSRF offset: 0
// Label Step
// 0 LBLs used.
0001 /*            */ ****LBL'TRI'
0002 /*            */ CL[alpha]
0003 /*            */ [alpha]'Tri'
0004 /*            */ [alpha]'Gon'
0005 /*            */ VIEW[alpha]
0006 /*            */ STOP
0007 /*            */ CF 01
0008 /*            */ .
0009 /*            */ 1
0010 /*            */ R-CLR
0011 /*            */ CLSTK
0012 /*            */ SF 00
0013 /*            */ XEQ 00
0014 /*            */ CF 00
0015 /*            */ 6
0016 /*            */ STO 00
0017 /*            */ 3
0018 /*            */ STO+ Y
0019 /*            */ 3
0020 /*            */ RCL[->]00
0021 /*            */ x=0?
0022 /*            */ SKIP 011
0023 /*            */ DROP
0024 /*            */ x=0?
0025 /*            */ SKIP 047
0026 /*            */ DEC X
0027 /*            */ RCL 00
0028 /*            */ STO[->]T
0029 /*            */ DEC T
0030 /*            */ DROP
0031 /*            */ 3
0032 /*            */ x<? 00
0033 /*            */ DEC Z
0034 /*            */ DROP
0035 /*            */ DSZ 00
0036 /*            */ BACK 016
0037 /*            */ x[!=]0?
0038 /*            */ SKIP 034
0039 /*            */ x=? Y
0040 /*            */ SKIP 032
0041 /*            */ XEQ[->]Y
0042 /*            */ CLSTK
0043 /*            */ CL[alpha]
0044 /*            */ FS? 01
0045 /*            */ [alpha]'1.'
0046 /*            */ [alpha]'Sol'
0047 /*            */ [alpha]'uti'
0048 /*            */ [alpha]'on:'
0049 /*            */ VIEW[alpha]
0050 /*            */ STOP
0051 /*            */ XEQ 00
0052 /*            */ CL[alpha]
0053 /*            */ [alpha]'P='
0054 /*            */ RCL 01
0055 /*            */ RCL+ 02
0056 /*            */ RCL+ 03
0057 /*            */ PROMPT
0058 /*            */ CL[alpha]
0059 /*            */ [alpha]'A='
0060 /*            */ RCL 06
0061 /*            */ SIN
0062 /*            */ RCL[times] 01
0063 /*            */ RCL[times] 02
0064 /*            */ 2
0065 /*            */ /
0066 /*            */ PROMPT
0067 /*            */ FC? 01
0068 /*            */ SKIP 006
0069 /*            */ XEQ 04
0070 /*            */ CL[alpha]
0071 /*            */ [alpha]'2.'
0072 /*            */ BACK 026
0073 /*            */ CLSTK
0074 /*            */ ERR 18
0075 /*            */ RTN
0076 /*            */ **LBL 00
0077 /* __LBL_00:: */ CL[alpha]
0078 /*            */ [alpha]'a='
0079 /*            */ RCL 01
0080 /*            */ PROMPT
0081 /*            */ FS? 00
0082 /*            */ STO 01
0083 /*            */ CL[alpha]
0084 /*            */ [alpha]'b='
0085 /*            */ RCL 02
0086 /*            */ PROMPT
0087 /*            */ FS? 00
0088 /*            */ STO 02
0089 /*            */ CL[alpha]
0090 /*            */ [alpha]'c='
0091 /*            */ RCL 03
0092 /*            */ PROMPT
0093 /*            */ FS? 00
0094 /*            */ STO 03
0095 /*            */ CL[alpha]
0096 /*            */ [alpha]'[alpha]='
0097 /*            */ RCL 04
0098 /*            */ PROMPT
0099 /*            */ FS? 00
0100 /*            */ STO 04
0101 /*            */ CL[alpha]
0102 /*            */ [alpha]'[beta]='
0103 /*            */ RCL 05
0104 /*            */ PROMPT
0105 /*            */ FS? 00
0106 /*            */ STO 05
0107 /*            */ CL[alpha]
0108 /*            */ [alpha]'[gamma]='
0109 /*            */ RCL 06
0110 /*            */ PROMPT
0111 /*            */ FS? 00
0112 /*            */ STO 06
0113 /*            */ RTN
0114 /*            */ **LBL 01
0115 /* __LBL_01:: */ 1
0116 /*            */ 5
0117 /*            */ RCL- 08
0118 /*            */ RCL- 09
0119 /*            */ STO 00
0120 /*            */ XEQ 05
0121 /*            */ STO[->]00
0122 /*            */ RCL 07
0123 /*            */ RCL 07
0124 /*            */ 3
0125 /*            */ RMDR
0126 /*            */ INC X
0127 /*            */ STO 00
0128 /*            */ XEQ 06
0129 /*            */ STO[->]00
0130 /*            */ RCL 07
0131 /*            */ 6
0132 /*            */ RCL- Y
0133 /*            */ RCL- 00
0134 /*            */ STO 00
0135 /*            */ XEQ 06
0136 /*            */ STO[->]00
0137 /*            */ RTN
0138 /*            */ **LBL 02
0139 /* __LBL_02:: */ RCL 09
0140 /*            */ 3
0141 /*            */ -
0142 /*            */ RCL[->]X
0143 /*            */ x[!=]0?
0144 /*            */ GTO 04
0145 /*            */ DROP
0146 /*            */ STO 00
0147 /*            */ RCL[->]07
0148 /*            */ RCL[->]08
0149 /*            */ RCL[->]09
0150 /*            */ XEQ 08
0151 /*            */ STO[->]00
0152 /*            */ RCL[->]08
0153 /*            */ RCL[->]07
0154 /*            */ 3
0155 /*            */ RCL+ 07
0156 /*            */ STO 00
0157 /*            */ DROP
0158 /*            */ XEQ 09
0159 /*            */ STO[->]00
0160 /*            */ 3
0161 /*            */ RCL+ 08
0162 /*            */ STO 00
0163 /*            */ XEQ 05
0164 /*            */ STO[->]00
0165 /*            */ RTN
0166 /*            */ **LBL 04
0167 /* __LBL_04:: */ RCL 07
0168 /*            */ RCL 08
0169 /*            */ x=? T
0170 /*            */ x[<->] Y
0171 /*            */ 3
0172 /*            */ RCL+ Y
0173 /*            */ STO 00
0174 /*            */ DROP
0175 /*            */ XEQ 07
0176 /*            */ FC?C 01
0177 /*            */ SKIP 006
0178 /*            */ 1
0179 /*            */ +/-
0180 /*            */ ACOS
0181 /*            */ RCL- Y
0182 /*            */ STO[->]00
0183 /*            */ SKIP 008
0184 /*            */ STO[->]00
0185 /*            */ RCL[->]09
0186 /*            */ x>? Y
0187 /*            */ SKIP 004
0188 /*            */ DROP
0189 /*            */ COS
0190 /*            */ x[!=]0?
0191 /*            */ SF 01
0192 /*            */ 1
0193 /*            */ 5
0194 /*            */ RCL- 09
0195 /*            */ RCL- 00
0196 /*            */ STO 00
0197 /*            */ 0 
0198 /*            */ STO[->]00
0199 /*            */ XEQ 05
0200 /*            */ STO[->]00
0201 /*            */ RCL 09
0202 /*            */ RCL 00
0203 /*            */ 3
0204 /*            */ STO- Z
0205 /*            */ -
0206 /*            */ STO 00
0207 /*            */ XEQ 06
0208 /*            */ STO[->]00
0209 /*            */ RTN
0210 /*            */ **LBL 03
0211 /* __LBL_03:: */ RCL 02
0212 /*            */ RCL 03
0213 /*            */ RCL 01
0214 /*            */ XEQ 09
0215 /*            */ STO 04
0216 /*            */ RCL 01
0217 /*            */ RCL 03
0218 /*            */ RCL 02
0219 /*            */ XEQ 09
0220 /*            */ STO 05
0221 /*            */ XEQ 05
0222 /*            */ STO 06
0223 /*            */ RTN
0224 /*            */ **LBL 05
0225 /* __LBL_05:: */ 1
0226 /*            */ +/-
0227 /*            */ ACOS
0228 /*            */ RCL- 04
0229 /*            */ RCL- 05
0230 /*            */ RCL- 06
0231 /*            */ RTN
0232 /*            */ **LBL 06
0233 /* __LBL_06:: */ 3
0234 /*            */ STO+ Y
0235 /*            */ RCL+ Z
0236 /*            */ RCL[->]Z
0237 /*            */ RCL[->]Y
0238 /*            */ SIN
0239 /*            */ /
0240 /*            */ RCL[->]Z
0241 /*            */ SIN
0242 /*            */ [times]
0243 /*            */ RTN
0244 /*            */ **LBL 07
0245 /* __LBL_07:: */ 3
0246 /*            */ RCL+ Z
0247 /*            */ RCL[->]X
0248 /*            */ SIN
0249 /*            */ RCL[->]T
0250 /*            */ /
0251 /*            */ RCL[->]Z
0252 /*            */ [times]
0253 /*            */ ASIN
0254 /*            */ RTN
0255 /*            */ **LBL 08
0256 /* __LBL_08:: */ COS
0257 /*            */ RCL[times] Z
0258 /*            */ RCL[times] Y
0259 /*            */ RCL+ X
0260 /*            */ +/-
0261 /*            */ x[<->] Y
0262 /*            */ x[^2]
0263 /*            */ +
0264 /*            */ x[<->] Y
0265 /*            */ x[^2]
0266 /*            */ +
0267 /*            */ [sqrt]
0268 /*            */ RTN
0269 /*            */ **LBL 09
0270 /* __LBL_09:: */ x[^2]
0271 /*            */ +/-
0272 /*            */ RCL Z
0273 /*            */ x[^2]
0274 /*            */ +
0275 /*            */ RCL Y
0276 /*            */ x[^2]
0277 /*            */ +
0278 /*            */ x[<->] Z
0279 /*            */ [times]
0280 /*            */ RCL+ X
0281 /*            */ /
0282 /*            */ ACOS
0283 /*            */ END
// Max SKIP offset: 094
// Max BACK offset: 091
// Max BSRB offset: 0
// Max BSRF offset: 0
// Label Step
//  00 => 77
//  01 => 115
//  02 => 139
//  03 => 211
//  04 => 167
//  05 => 225
//  06 => 233
//  07 => 245
//  08 => 256
//  09 => 270
// 10 LBLs used.
0001 /*            */ ****LBL'TVM'
0002 /*            */ CL[alpha]
0003 /*            */ [alpha]'TVM'
0004 /*            */ [alpha] [space]
0005 /*            */ [alpha]'Sol'
0006 /*            */ [alpha]'ver'
0007 /*            */ VIEW[alpha]
0008 /*            */ # 013
0009 /*            */ SDR 002
0010 /*            */ R-CLR
0011 /*            */ 1
0012 /*            */ STO 06
0013 /*            */ STO 07
0014 /*            */ CLSTK
0015 /*            */ **LBL 00
0016 /* __LBL_00:: */ FS?C 00
0017 /*            */ SKIP 003
0018 /*            */ STO L
0019 /*            */ CLSTK
0020 /*            */ RCL L
0021 /*            */ STOP
0022 /*            */ BACK 001
0023 /*            */ **LBL A
0024 /* __LBL_A::  */ CL[alpha]
0025 /*            */ [alpha]'N[narrow-space][narrow-space]'
0026 /*            */ [alpha]'I[narrow-space][narrow-space]'
0027 /*            */ [alpha]'PV[narrow-space]'
0028 /*            */ [alpha]'PMT'
0029 /*            */ [alpha]'[narrow-space]FV'
0030 /*            */ ENTRY?
0031 /*            */ SKIP 002
0032 /*            */ VIEW[alpha]
0033 /*            */ SKIP 001
0034 /*            */ VW[alpha]+ X
0035 /*            */ PSE 99
0036 /*            */ CL[alpha]
0037 /*            */ KEY? 00
0038 /*            */ SKIP 002
0039 /*            */ **LBL?[->]00
0040 /*            */ XEQ[->]00
0041 /*            */ GTO 00
0042 /*            */ **LBL 11
0043 /* __LBL_11:: */ ENTRY?
0044 /*            */ SF 00
0045 /*            */ FC? 00
0046 /*            */ XEQ 01
0047 /*            */ STO 01
0048 /*            */ CL[alpha]
0049 /*            */ [alpha]'N='
0050 /*            */ VW[alpha]+ 01
0051 /*            */ RTN
0052 /*            */ **LBL 12
0053 /* __LBL_12:: */ CF 02
0054 /*            */ ENTRY?
0055 /*            */ SF 00
0056 /*            */ FC? 00
0057 /*            */ XEQ 02
0058 /*            */ STO 02
0059 /*            */ CL[alpha]
0060 /*            */ FC? 02
0061 /*            */ SKIP 007
0062 /*            */ x=? 11
0063 /*            */ [alpha]'I1='
0064 /*            */ x=? 12
0065 /*            */ [alpha]'I2='
0066 /*            */ PROMPT
0067 /*            */ x[<->] Y
0068 /*            */ BACK 010
0069 /*            */ [alpha]'I='
0070 /*            */ VW[alpha]+ 02
0071 /*            */ RTN
0072 /*            */ **LBL 13
0073 /* __LBL_13:: */ ENTRY?
0074 /*            */ SF 00
0075 /*            */ FC? 00
0076 /*            */ XEQ 03
0077 /*            */ STO 03
0078 /*            */ CL[alpha]
0079 /*            */ [alpha]'PV='
0080 /*            */ VW[alpha]+ 03
0081 /*            */ RTN
0082 /*            */ **LBL 14
0083 /* __LBL_14:: */ ENTRY?
0084 /*            */ SF 00
0085 /*            */ FC? 00
0086 /*            */ XEQ 04
0087 /*            */ STO 04
0088 /*            */ CL[alpha]
0089 /*            */ [alpha]'PMT'
0090 /*            */ [alpha] =
0091 /*            */ VW[alpha]+ 04
0092 /*            */ RTN
0093 /*            */ **LBL 15
0094 /* __LBL_15:: */ ENTRY?
0095 /*            */ SF 00
0096 /*            */ FC? 00
0097 /*            */ XEQ 05
0098 /*            */ STO 05
0099 /*            */ CL[alpha]
0100 /*            */ [alpha]'FV='
0101 /*            */ VW[alpha]+ 05
0102 /*            */ RTN
0103 /*            */ **LBL 21
0104 /* __LBL_21:: */ ENTRY?
0105 /*            */ SF 00
0106 /*            */ FC?S 00
0107 /*            */ RCL 06
0108 /*            */ STO 06
0109 /*            */ CL[alpha]
0110 /*            */ [alpha]'NP='
0111 /*            */ VW[alpha]+ 06
0112 /*            */ RTN
0113 /*            */ **LBL 22
0114 /* __LBL_22:: */ ENTRY?
0115 /*            */ SF 00
0116 /*            */ FC?S 00
0117 /*            */ RCL 07
0118 /*            */ STO 07
0119 /*            */ CL[alpha]
0120 /*            */ [alpha]'NI='
0121 /*            */ VW[alpha]+ 07
0122 /*            */ RTN
0123 /*            */ **LBL 01
0124 /* __LBL_01:: */ XEQ 06
0125 /*            */ XEQ 07
0126 /*            */ x=0?
0127 /*            */ SKIP 014
0128 /*            */ RCL 04
0129 /*            */ RCL[times] 09
0130 /*            */ RCL/ 08
0131 /*            */ RCL- 05
0132 /*            */ RCL L
0133 /*            */ RCL+ 03
0134 /*            */ x=0?
0135 /*            */ SKIP 009
0136 /*            */ /
0137 /*            */ LN
0138 /*            */ x[<->] Y
0139 /*            */ LN1+x
0140 /*            */ /
0141 /*            */ SKIP 003
0142 /*            */ RCL- 03
0143 /*            */ RCL- 05
0144 /*            */ RCL/ 04
0145 /*            */ RTN
0146 /*            */ **LBL 02
0147 /* __LBL_02:: */ XEQ 06
0148 /*            */ RCL 01
0149 /*            */ x[!=]0?
0150 /*            */ SKIP 006
0151 /*            */ RCL- 04
0152 /*            */ RCL 03
0153 /*            */ FS? 06
0154 /*            */ RCL+ 04
0155 /*            */ /
0156 /*            */ GTO 10
0157 /*            */ RCL 04
0158 /*            */ x[!=]0?
0159 /*            */ SKIP 006
0160 /*            */ RCL- 05
0161 /*            */ RCL/ 03
0162 /*            */ RCL 01
0163 /*            */ [^x][sqrt]y
0164 /*            */ DEC X
0165 /*            */ GTO 10
0166 /*            */ CL[alpha]
0167 /*            */ [alpha]'Sol'
0168 /*            */ [alpha]'vin'
0169 /*            */ [alpha]'g[space]'
0170 /*            */ [alpha]'...'
0171 /*            */ VIEW[alpha]
0172 /*            */ 1
0173 /*            */ SDR 003
0174 /*            */ DEC X
0175 /*            */ STO 11
0176 /*            */ XEQ 08
0177 /*            */ x[!=]0?
0178 /*            */ SKIP 005
0179 /*            */ 1
0180 /*            */ SDR 004
0181 /*            */ +/-
0182 /*            */ RCL+ 11
0183 /*            */ BACK 008
0184 /*            */ STO 10
0185 /*            */ RCL 02
0186 /*            */ XEQ 07
0187 /*            */ 2
0188 /*            */ MAX
0189 /*            */ STO 12
0190 /*            */ XEQ 08
0191 /*            */ x[!=]0?
0192 /*            */ SKIP 004
0193 /*            */ 1
0194 /*            */ SDR 003
0195 /*            */ RCL+ 12
0196 /*            */ BACK 007
0197 /*            */ RCL[times] 10
0198 /*            */ x<0?
0199 /*            */ SKIP 044
0200 /*            */ RCL 11
0201 /*            */ XEQ 09
0202 /*            */ RCL[times] 10
0203 /*            */ x[>=]0?
0204 /*            */ ERR 20
0205 /*            */ x[<->] L
0206 /*            */ RCL 12
0207 /*            */ XEQ 09
0208 /*            */ [times]
0209 /*            */ x[>=]0?
0210 /*            */ ERR 20
0211 /*            */ RCL 11
0212 /*            */ RCL 12
0213 /*            */ SLV 09
0214 /*            */ SKIP 001
0215 /*            */ ERR 20
0216 /*            */ x[<->] 10
0217 /*            */ RCL 10
0218 /*            */ XEQ 08
0219 /*            */ x=0?
0220 /*            */ SKIP 021
0221 /*            */ [times]
0222 /*            */ x[>=]0?
0223 /*            */ ERR 20
0224 /*            */ RCL 11
0225 /*            */ RCL 10
0226 /*            */ SLV 08
0227 /*            */ SKIP 001
0228 /*            */ ERR 20
0229 /*            */ XEQ 10
0230 /*            */ STO 11
0231 /*            */ RCL 10
0232 /*            */ RCL 12
0233 /*            */ SLV 08
0234 /*            */ SKIP 001
0235 /*            */ ERR 20
0236 /*            */ XEQ 10
0237 /*            */ STO 12
0238 /*            */ CLSTK
0239 /*            */ [cmplx]RCL 11
0240 /*            */ SF 02
0241 /*            */ SKIP 026
0242 /*            */ RCL 10
0243 /*            */ GTO 10
0244 /*            */ RCL 11
0245 /*            */ RCL 12
0246 /*            */ SLV 08
0247 /*            */ SKIP 001
0248 /*            */ ERR 20
0249 /*            */ **LBL 10
0250 /* __LBL_10:: */ 1
0251 /*            */ +/-
0252 /*            */ x[<->] Y
0253 /*            */ x=? Y
0254 /*            */ SKIP 010
0255 /*            */ x=0?
0256 /*            */ SKIP 011
0257 /*            */ LN1+x
0258 /*            */ RCL 06
0259 /*            */ ABS
0260 /*            */ [times]
0261 /*            */ FS? 07
0262 /*            */ SKIP 003
0263 /*            */ RCL/ 07
0264 /*            */ e[^x]-1
0265 /*            */ RCL[times] 07
0266 /*            */ SDL 002
0267 /*            */ RDP 12
0268 /*            */ RTN
0269 /*            */ **LBL 03
0270 /* __LBL_03:: */ XEQ 06
0271 /*            */ XEQ 07
0272 /*            */ x=0?
0273 /*            */ SKIP 016
0274 /*            */ RCL 04
0275 /*            */ RCL[times] 09
0276 /*            */ RCL/ 08
0277 /*            */ RCL 01
0278 /*            */ x=0?
0279 /*            */ SKIP 008
0280 /*            */ RCL Y
0281 /*            */ RCL- 05
0282 /*            */ x[<->] Y
0283 /*            */ RCL 08
0284 /*            */ LN1+x
0285 /*            */ [times]
0286 /*            */ e[^x]
0287 /*            */ /
0288 /*            */ RCL- Y
0289 /*            */ SKIP 005
0290 /*            */ RCL- 01
0291 /*            */ x=0?
0292 /*            */ ERR 18
0293 /*            */ RCL[times] 04
0294 /*            */ RCL- 05
0295 /*            */ RTN
0296 /*            */ **LBL 04
0297 /* __LBL_04:: */ XEQ 06
0298 /*            */ XEQ 07
0299 /*            */ x=0?
0300 /*            */ SKIP 014
0301 /*            */ RCL 01
0302 /*            */ x=0?
0303 /*            */ SKIP 007
0304 /*            */ RCL 03
0305 /*            */ RCL+ 05
0306 /*            */ RCL 08
0307 /*            */ LN1+x
0308 /*            */ RCL[times] 01
0309 /*            */ e[^x]-1
0310 /*            */ /
0311 /*            */ RCL+ 03
0312 /*            */ RCL[times] 08
0313 /*            */ RCL/ 09
0314 /*            */ SKIP 006
0315 /*            */ RCL 01
0316 /*            */ x=0?
0317 /*            */ ERR 18
0318 /*            */ RCL 03
0319 /*            */ RCL+ 05
0320 /*            */ RCL/ 01
0321 /*            */ +/-
0322 /*            */ RTN
0323 /*            */ **LBL 05
0324 /* __LBL_05:: */ XEQ 06
0325 /*            */ 0 
0326 /*            */ x=? 01
0327 /*            */ ERR 13
0328 /*            */ STO 05
0329 /*            */ XEQ 07
0330 /*            */ XEQ 08
0331 /*            */ +/-
0332 /*            */ RTN
0333 /*            */ **LBL 06
0334 /* __LBL_06:: */ RCL 06
0335 /*            */ x=0?
0336 /*            */ ERR 16
0337 /*            */ CF 06
0338 /*            */ x<0?
0339 /*            */ SF 06
0340 /*            */ RCL 07
0341 /*            */ CF 07
0342 /*            */ x=0?
0343 /*            */ SF 07
0344 /*            */ [cmplx]DROP
0345 /*            */ RTN
0346 /*            */ **LBL 07
0347 /* __LBL_07:: */ 1
0348 /*            */ STO 09
0349 /*            */ RCL[times] 02
0350 /*            */ x=0?
0351 /*            */ SKIP 012
0352 /*            */ SDR 002
0353 /*            */ FS? 07
0354 /*            */ SKIP 003
0355 /*            */ RCL/ 07
0356 /*            */ LN1+x
0357 /*            */ RCL[times] 07
0358 /*            */ RCL 06
0359 /*            */ ABS
0360 /*            */ /
0361 /*            */ e[^x]-1
0362 /*            */ FS? 06
0363 /*            */ STO+ 09
0364 /*            */ STO 08
0365 /*            */ RTN
0366 /*            */ **LBL 08
0367 /* __LBL_08:: */ STO 08
0368 /*            */ x[!=]0?
0369 /*            */ SKIP 003
0370 /*            */ RCL+ 01
0371 /*            */ RCL 04
0372 /*            */ SKIP 008
0373 /*            */ LN1+x
0374 /*            */ RCL[times] 01
0375 /*            */ e[^x]-1
0376 /*            */ RCL 04
0377 /*            */ RCL/ 08
0378 /*            */ FS? 06
0379 /*            */ RCL+ 04
0380 /*            */ RCL+ 03
0381 /*            */ [times]
0382 /*            */ RCL+ 03
0383 /*            */ RCL+ 05
0384 /*            */ RTN
0385 /*            */ **LBL 09
0386 /* __LBL_09:: */ STO 08
0387 /*            */ x[!=]0?
0388 /*            */ SKIP 010
0389 /*            */ RCL+ 01
0390 /*            */ DEC X
0391 /*            */ 2
0392 /*            */ /
0393 /*            */ RCL[times] 04
0394 /*            */ FS? 06
0395 /*            */ RCL+ 04
0396 /*            */ RCL+ 03
0397 /*            */ RCL[times] 01
0398 /*            */ SKIP 021
0399 /*            */ LN1+x
0400 /*            */ RCL 01
0401 /*            */ DEC X
0402 /*            */ [times]
0403 /*            */ e[^x]
0404 /*            */ RCL[times] 01
0405 /*            */ RCL 04
0406 /*            */ RCL/ 08
0407 /*            */ FS? 06
0408 /*            */ RCL+ 04
0409 /*            */ RCL+ 03
0410 /*            */ [times]
0411 /*            */ RCL 08
0412 /*            */ LN1+x
0413 /*            */ RCL[times] 01
0414 /*            */ e[^x]-1
0415 /*            */ RCL[times] 04
0416 /*            */ RCL 08
0417 /*            */ x[^2]
0418 /*            */ /
0419 /*            */ -
0420 /*            */ END
// Max SKIP offset: 094
// Max BACK offset: 091
// Max BSRB offset: 0
// Max BSRF offset: 0
// Label Step
//  00 => 16
//  01 => 124
//  02 => 147
//  03 => 270
//  04 => 297
//  05 => 324
//  06 => 334
//  07 => 347
//  08 => 367
//  09 => 386
//  10 => 250
//  11 => 43
//  12 => 53
//  13 => 73
//  14 => 83
//  15 => 94
//  21 => 104
//  22 => 114
//  A => 24
// 19 LBLs used.
0001 /*            */ ****LBL'Vec'
0002 /*            */ SSIZE8
0003 /*            */ CL[alpha]
0004 /*            */ [alpha]'Vec'
0005 /*            */ [alpha]'tor'
0006 /*            */ VIEW[alpha]
0007 /*            */ STOP
0008 /*            */ BACK 001
0009 /*            */ **LBL A
0010 /* __LBL_A::  */ GTO'VAB'
0011 /*            */ **LBL B
0012 /* __LBL_B::  */ GTO'Vun'
0013 /*            */ **LBL C
0014 /* __LBL_C::  */ GTO'V[times]V'
0015 /*            */ **LBL D
0016 /* __LBL_D::  */ GTO'V.V'
0017 /*            */ **LBL 32
0018 /* __LBL_32:: */ GTO'V[<->]V'
0019 /*            */ **LBL 33
0020 /* __LBL_33:: */ GTO'V+-'
0021 /*            */ **LBL 34
0022 /* __LBL_34:: */ GTO'VLx'
0023 /*            */ **LBL 55
0024 /* __LBL_55:: */ GTO'V[times]S'
0025 /*            */ **LBL 65
0026 /* __LBL_65:: */ GTO'V-V'
0027 /*            */ **LBL 75
0028 /* __LBL_75:: */ GTO'V+V'
0029 /*            */ ****LBL'V.V'
0030 /*            */ [cmplx]R[v]
0031 /*            */ STO J
0032 /*            */ RCL[times] T
0033 /*            */ R[^]
0034 /*            */ STO I
0035 /*            */ RCL[times] T
0036 /*            */ +
0037 /*            */ R[^]
0038 /*            */ ENTER[^]
0039 /*            */ RCL[times] T
0040 /*            */ RCL+ Z
0041 /*            */ STO Z
0042 /*            */ DROP
0043 /*            */ STO L
0044 /*            */ DROP
0045 /*            */ RTN
0046 /*            */ ****LBL'V+V'
0047 /*            */ [cmplx]R[v]
0048 /*            */ STO J
0049 /*            */ RCL+ T
0050 /*            */ R[^]
0051 /*            */ STO I
0052 /*            */ RCL+ T
0053 /*            */ R[^]
0054 /*            */ RCL+ T
0055 /*            */ RTN
0056 /*            */ ****LBL'V-V'
0057 /*            */ [cmplx]R[v]
0058 /*            */ STO J
0059 /*            */ +/-
0060 /*            */ RCL+ T
0061 /*            */ R[^]
0062 /*            */ STO I
0063 /*            */ +/-
0064 /*            */ RCL+ T
0065 /*            */ R[^]
0066 /*            */ +/-
0067 /*            */ RCL+ T
0068 /*            */ RCL L
0069 /*            */ +/-
0070 /*            */ STO L
0071 /*            */ DROP
0072 /*            */ RTN
0073 /*            */ ****LBL'V[<->]V'
0074 /*            */ [cmplx]R[v]
0075 /*            */ x[<->] T
0076 /*            */ [cmplx]R[^]
0077 /*            */ [cmplx]x[<->] L
0078 /*            */ RTN
0079 /*            */ ****LBL'Vun'
0080 /*            */ XEQ 99
0081 /*            */ 1/x
0082 /*            */ ****LBL'V[times]S'
0083 /*            */ STO[times] Y
0084 /*            */ STO[times] Z
0085 /*            */ STO[times] T
0086 /*            */ STO L
0087 /*            */ DROP
0088 /*            */ RTN
0089 /*            */ ****LBL'VAB'
0090 /*            */ XEQ 99
0091 /*            */ x[<->] T
0092 /*            */ STO J
0093 /*            */ DROP
0094 /*            */ [cmplx]STO L
0095 /*            */ [cmplx]DROP
0096 /*            */ RTN
0097 /*            */ **LBL 99
0098 /* __LBL_99:: */ ENTER[^]
0099 /*            */ x[^2]
0100 /*            */ RCL Z
0101 /*            */ RCL[times] T
0102 /*            */ +
0103 /*            */ RCL T
0104 /*            */ x[^2]
0105 /*            */ +
0106 /*            */ [sqrt]
0107 /*            */ RTN
0108 /*            */ ****LBL'V+-'
0109 /*            */ [cmplx]R[v]
0110 /*            */ STO J
0111 /*            */ +/-
0112 /*            */ [cmplx]R[^]
0113 /*            */ [cmplx]+/-
0114 /*            */ RTN
0115 /*            */ ****LBL'VLx'
0116 /*            */ RCL J
0117 /*            */ [cmplx]RCL L
0118 /*            */ RTN
0119 /*            */ ****LBL'V[times]V'
0120 /*            */ STO C
0121 /*            */ RCL[times] B
0122 /*            */ RCL T
0123 /*            */ RCL[times] T
0124 /*            */ -
0125 /*            */ x[<->] Y
0126 /*            */ STO I
0127 /*            */ RCL[times] T
0128 /*            */ RCL A
0129 /*            */ RCL[times] D
0130 /*            */ -
0131 /*            */ x[<->] Z
0132 /*            */ STO J
0133 /*            */ RCL[times] A
0134 /*            */ RCL B
0135 /*            */ RCL[times] I
0136 /*            */ -
0137 /*            */ R[^]
0138 /*            */ STO L
0139 /*            */ R[v]
0140 /*            */ END
// Max SKIP offset: 094
// Max BACK offset: 091
// Max BSRB offset: 0
// Max BSRF offset: 0
// Label Step
//  32 => 18
//  33 => 20
//  34 => 22
//  55 => 24
//  65 => 26
//  75 => 28
//  99 => 98
//  A => 10
//  B => 12
//  C => 14
//  D => 16
// 11 LBLs used.
0001 /*            */ ****LBL'[GAMMA][^-1]'
0002 /*            */ # [pi]
0003 /*            */ # 086
0004 /*            */ /
0005 /*            */ RCL+ Y
0006 /*            */ # [pi]
0007 /*            */ STO+ X
0008 /*            */ [sqrt]
0009 /*            */ /
0010 /*            */ LN
0011 /*            */ [<->] XXYY
0012 /*            */ # eE
0013 /*            */ /
0014 /*            */ W[sub-p]
0015 /*            */ /
0016 /*            */ # 1/2
0017 /*            */ +
0018 /*            */ **LBL 00
0019 /* __LBL_00:: */ [<->] XZZX
0020 /*            */ [GAMMA]
0021 /*            */ /
0022 /*            */ +/-
0023 /*            */ INC X
0024 /*            */ RCL Z
0025 /*            */ LN
0026 /*            */ RCL[times] L
0027 /*            */ STO+ X
0028 /*            */ DEC X
0029 /*            */ RCL/ T
0030 /*            */ /
0031 /*            */ STO+ X
0032 /*            */ [<->] XZZY
0033 /*            */ -
0034 /*            */ CNVG? 03
0035 /*            */ RTN
0036 /*            */ GTO 00
0037 /*            */ END
// Max SKIP offset: 094
// Max BACK offset: 091
// Max BSRB offset: 0
// Max BSRF offset: 0
// Label Step
//  00 => 19
// 1 LBLs used.
0001 /*            */ ****LBL'[PSI]'
0002 /*            */ LocR 004
0003 /*            */ STOM .03
0004 /*            */ SSIZE4
0005 /*            */ x<0?
0006 /*            */ SF .00
0007 /*            */ ABS
0008 /*            */ STO .02
0009 /*            */ # 008
0010 /*            */ x[<->] Y
0011 /*            */ **LBL 00
0012 /* __LBL_00:: */ 1/x
0013 /*            */ STO+ .00
0014 /*            */ x[<->] L
0015 /*            */ INC X
0016 /*            */ x<? Y
0017 /*            */ GTO 00
0018 /*            */ 1/x
0019 /*            */ STO .01
0020 /*            */ x[^2]
0021 /*            */ STO Y
0022 /*            */ # 005
0023 /*            */ %
0024 /*            */ # 021
0025 /*            */ 1/x
0026 /*            */ -
0027 /*            */ [times]
0028 /*            */ # 001
0029 /*            */ SDR 001
0030 /*            */ +
0031 /*            */ [times]
0032 /*            */ DEC X
0033 /*            */ [times]
0034 /*            */ # 012
0035 /*            */ /
0036 /*            */ RCL .01
0037 /*            */ LN
0038 /*            */ RCL L
0039 /*            */ # 002
0040 /*            */ /
0041 /*            */ +
0042 /*            */ -
0043 /*            */ RCL- .00
0044 /*            */ RCLM .03
0045 /*            */ FC? .00
0046 /*            */ RTN
0047 /*            */ RCL .02
0048 /*            */ 1/x
0049 /*            */ +
0050 /*            */ # [pi]
0051 /*            */ RCL .02
0052 /*            */ RCL .02
0053 /*            */ ROUNDI
0054 /*            */ -
0055 /*            */ # [pi]
0056 /*            */ [times]
0057 /*            */ RAD[->]
0058 /*            */ TAN
0059 /*            */ /
0060 /*            */ +
0061 /*            */ RTN
0062 /*            */ ****LBL'[cmplx][PSI]'
0063 /*            */ LocR 007
0064 /*            */ STOM .06
0065 /*            */ [cmplx]STO .01
0066 /*            */ SSIZE4
0067 /*            */ **LBL 01
0068 /* __LBL_01:: */ # 010
0069 /*            */ RCL .01
0070 /*            */ x>? Y
0071 /*            */ GTO 02
0072 /*            */ [cmplx]RCL .01
0073 /*            */ [->]POL
0074 /*            */ 1/x
0075 /*            */ [cmplx]CONJ
0076 /*            */ [->]REC
0077 /*            */ [cmplx]STO+ .03
0078 /*            */ INC .01
0079 /*            */ GTO 01
0080 /*            */ **LBL 02
0081 /* __LBL_02:: */ [cmplx]RCL .01
0082 /*            */ [->]POL
0083 /*            */ x[^2]
0084 /*            */ STO .00
0085 /*            */ 1/x
0086 /*            */ x[<->] Y
0087 /*            */ STO+ X
0088 /*            */ STO .05
0089 /*            */ +/-
0090 /*            */ x[<->] Y
0091 /*            */ # 021
0092 /*            */ /
0093 /*            */ [->]REC
0094 /*            */ # 001
0095 /*            */ SDR 001
0096 /*            */ -
0097 /*            */ [->]POL
0098 /*            */ RCL/ .00
0099 /*            */ x[<->] Y
0100 /*            */ RCL- .05
0101 /*            */ x[<->] Y
0102 /*            */ [->]REC
0103 /*            */ INC X
0104 /*            */ [->]POL
0105 /*            */ # 012
0106 /*            */ /
0107 /*            */ [cmplx]RCL .01
0108 /*            */ [->]POL
0109 /*            */ R[v]
0110 /*            */ STO- Z
0111 /*            */ x[<->] T
0112 /*            */ /
0113 /*            */ [->]REC
0114 /*            */ # 002
0115 /*            */ 1/x
0116 /*            */ +
0117 /*            */ [->]POL
0118 /*            */ [cmplx]RCL .01
0119 /*            */ [->]POL
0120 /*            */ R[v]
0121 /*            */ STO- Z
0122 /*            */ x[<->] T
0123 /*            */ /
0124 /*            */ [->]REC
0125 /*            */ [cmplx]RCL .01
0126 /*            */ RAD
0127 /*            */ [->]POL
0128 /*            */ LN
0129 /*            */ R[^]
0130 /*            */ STO- Z
0131 /*            */ x[<->] T
0132 /*            */ -
0133 /*            */ RCL .04
0134 /*            */ STO- Z
0135 /*            */ x[<->] .03
0136 /*            */ -
0137 /*            */ RCLM .06
0138 /*            */ END
// Max SKIP offset: 094
// Max BACK offset: 091
// Max BSRB offset: 0
// Max BSRF offset: 0
// Label Step
//  00 => 12
//  01 => 68
//  02 => 81
// 3 LBLs used.
